<?xml version="1.0" encoding="UTF-8"?>
<testng-results skipped="0" failed="0" ignored="0" total="1" passed="1">
  <reporter-output>
  </reporter-output>
  <suite name="Suite" duration-ms="24723" started-at="2024-01-13T15:10:45Z" finished-at="2024-01-13T15:11:09Z">
    <groups>
    </groups>
    <test name="Test" duration-ms="24723" started-at="2024-01-13T15:10:45Z" finished-at="2024-01-13T15:11:09Z">
      <class name="org.fb.FbLogin">
        <test-method status="PASS" signature="tc1()[pri:0, instance:org.fb.FbLogin@2ac273d3]" name="tc1" duration-ms="24687" started-at="2024-01-13T15:10:45Z" finished-at="2024-01-13T15:11:09Z">
          <reporter-output>
          </reporter-output>
        </test-method> <!-- tc1 -->
      </class> <!-- org.fb.FbLogin -->
    </test> <!-- Test -->
  </suite> <!-- Suite -->
</testng-results>
