<?xml version="1.0" encoding="UTF-8"?>
<testng-results skipped="0" failed="0" ignored="0" total="1" passed="1">
  <reporter-output>
  </reporter-output>
  <suite name="Default suite" duration-ms="13640" started-at="2024-01-14T14:50:28Z" finished-at="2024-01-14T14:50:41Z">
    <groups>
    </groups>
    <test name="Default test" duration-ms="13640" started-at="2024-01-14T14:50:28Z" finished-at="2024-01-14T14:50:41Z">
      <class name="org.fb.FbLogin">
        <test-method status="PASS" signature="tc1()[pri:0, instance:org.fb.FbLogin@192b07fd]" name="tc1" duration-ms="13597" started-at="2024-01-14T14:50:28Z" finished-at="2024-01-14T14:50:41Z">
          <reporter-output>
          </reporter-output>
        </test-method> <!-- tc1 -->
      </class> <!-- org.fb.FbLogin -->
    </test> <!-- Default test -->
  </suite> <!-- Default suite -->
</testng-results>
